<?xml version="1.0" encoding="UTF-8"?>
<testsuite xmlns:xsi="http://www.w3.org/2001/XMLSchema-instance" xsi:noNamespaceSchemaLocation="https://maven.apache.org/surefire/maven-surefire-plugin/xsd/surefire-test-report-3.0.xsd" version="3.0" name="co.edu.uniquindio.poo.AppTest" time="0.214" tests="9" errors="0" skipped="0" failures="1">
  <properties>
    <property name="java.specification.version" value="21"/>
    <property name="sun.cpu.isalist" value="amd64"/>
    <property name="sun.jnu.encoding" value="Cp1252"/>
    <property name="java.class.path" value="C:\Users\YEIMY\Desktop\Proyectos Java Hpta\Veterinaria Domestica-Salvaje\veterinariads\target\test-classes;C:\Users\YEIMY\Desktop\Proyectos Java Hpta\Veterinaria Domestica-Salvaje\veterinariads\target\classes;C:\Users\YEIMY\.m2\repository\org\junit\jupiter\junit-jupiter-api\5.10.0\junit-jupiter-api-5.10.0.jar;C:\Users\YEIMY\.m2\repository\org\opentest4j\opentest4j\1.3.0\opentest4j-1.3.0.jar;C:\Users\YEIMY\.m2\repository\org\junit\platform\junit-platform-commons\1.10.0\junit-platform-commons-1.10.0.jar;C:\Users\YEIMY\.m2\repository\org\apiguardian\apiguardian-api\1.1.2\apiguardian-api-1.1.2.jar;"/>
    <property name="java.vm.vendor" value="Eclipse Adoptium"/>
    <property name="sun.arch.data.model" value="64"/>
    <property name="user.variant" value=""/>
    <property name="java.vendor.url" value="https://adoptium.net/"/>
    <property name="user.timezone" value="America/Bogota"/>
    <property name="os.name" value="Windows 11"/>
    <property name="java.vm.specification.version" value="21"/>
    <property name="user.country" value="CO"/>
    <property name="sun.java.launcher" value="SUN_STANDARD"/>
    <property name="sun.boot.library.path" value="C:\Program Files\Eclipse Adoptium\jdk-21.0.4.7-hotspot\bin"/>
    <property name="sun.java.command" value="C:\Users\YEIMY\AppData\Local\Temp\surefire10284595817868346488\surefirebooter-20241007211950905_3.jar C:\Users\YEIMY\AppData\Local\Temp\surefire10284595817868346488 2024-10-07T21-19-50_707-jvmRun1 surefire-20241007211950905_1tmp surefire_0-20241007211950905_2tmp"/>
    <property name="jdk.debug" value="release"/>
    <property name="test" value="co.edu.uniquindio.poo.AppTest"/>
    <property name="surefire.test.class.path" value="C:\Users\YEIMY\Desktop\Proyectos Java Hpta\Veterinaria Domestica-Salvaje\veterinariads\target\test-classes;C:\Users\YEIMY\Desktop\Proyectos Java Hpta\Veterinaria Domestica-Salvaje\veterinariads\target\classes;C:\Users\YEIMY\.m2\repository\org\junit\jupiter\junit-jupiter-api\5.10.0\junit-jupiter-api-5.10.0.jar;C:\Users\YEIMY\.m2\repository\org\opentest4j\opentest4j\1.3.0\opentest4j-1.3.0.jar;C:\Users\YEIMY\.m2\repository\org\junit\platform\junit-platform-commons\1.10.0\junit-platform-commons-1.10.0.jar;C:\Users\YEIMY\.m2\repository\org\apiguardian\apiguardian-api\1.1.2\apiguardian-api-1.1.2.jar;"/>
    <property name="sun.cpu.endian" value="little"/>
    <property name="user.home" value="C:\Users\YEIMY"/>
    <property name="user.language" value="es"/>
    <property name="java.specification.vendor" value="Oracle Corporation"/>
    <property name="java.version.date" value="2024-07-16"/>
    <property name="java.home" value="C:\Program Files\Eclipse Adoptium\jdk-21.0.4.7-hotspot"/>
    <property name="file.separator" value="\"/>
    <property name="basedir" value="C:\Users\YEIMY\Desktop\Proyectos Java Hpta\Veterinaria Domestica-Salvaje\veterinariads"/>
    <property name="java.vm.compressedOopsMode" value="Zero based"/>
    <property name="line.separator" value="&#10;"/>
    <property name="java.vm.specification.vendor" value="Oracle Corporation"/>
    <property name="java.specification.name" value="Java Platform API Specification"/>
    <property name="surefire.real.class.path" value="C:\Users\YEIMY\AppData\Local\Temp\surefire10284595817868346488\surefirebooter-20241007211950905_3.jar"/>
    <property name="user.script" value=""/>
    <property name="sun.management.compiler" value="HotSpot 64-Bit Tiered Compilers"/>
    <property name="java.runtime.version" value="21.0.4+7-LTS"/>
    <property name="user.name" value="YEIMY"/>
    <property name="stdout.encoding" value="Cp1252"/>
    <property name="path.separator" value=";"/>
    <property name="os.version" value="10.0"/>
    <property name="java.runtime.name" value="OpenJDK Runtime Environment"/>
    <property name="file.encoding" value="UTF-8"/>
    <property name="java.vm.name" value="OpenJDK 64-Bit Server VM"/>
    <property name="java.vendor.version" value="Temurin-21.0.4+7"/>
    <property name="maven.ext.class.path" value="C:\Users\YEIMY\.vscode\extensions\oracle.oracle-java-22.1.2\nbcode\java\maven-nblib\netbeans-eventspy.jar"/>
    <property name="localRepository" value="C:\Users\YEIMY\.m2\repository"/>
    <property name="java.vendor.url.bug" value="https://github.com/adoptium/adoptium-support/issues"/>
    <property name="java.io.tmpdir" value="C:\Users\YEIMY\AppData\Local\Temp\"/>
    <property name="java.version" value="21.0.4"/>
    <property name="user.dir" value="C:\Users\YEIMY\Desktop\Proyectos Java Hpta\Veterinaria Domestica-Salvaje\veterinariads"/>
    <property name="os.arch" value="amd64"/>
    <property name="java.vm.specification.name" value="Java Virtual Machine Specification"/>
    <property name="sun.os.patch.level" value=""/>
    <property name="native.encoding" value="Cp1252"/>
    <property name="java.library.path" value="C:\Program Files\Eclipse Adoptium\jdk-21.0.4.7-hotspot\bin;C:\Windows\Sun\Java\bin;C:\Windows\system32;C:\Windows;C:\Program Files\Eclipse Adoptium\jdk-21.0.4.7-hotspot\bin;C:\Windows\system32;C:\Windows;C:\Windows\System32\Wbem;C:\Windows\System32\WindowsPowerShell\v1.0\;C:\Windows\System32\OpenSSH\;C:\Program Files (x86)\NVIDIA Corporation\PhysX\Common;C:\Program Files\NVIDIA Corporation\NVIDIA NvDLISR;C:\Program Files\Git\cmd;C:\Users\YEIMY\AppData\Local\Programs\Python\Launcher\;C:\Users\YEIMY\AppData\Local\Microsoft\WindowsApps;C:\Users\YEIMY\AppData\Local\Programs\Microsoft VS Code\bin;C:\Program Files\apache-maven-3.9.8\bin;;."/>
    <property name="java.vm.info" value="mixed mode, sharing"/>
    <property name="stderr.encoding" value="Cp1252"/>
    <property name="java.vendor" value="Eclipse Adoptium"/>
    <property name="java.vm.version" value="21.0.4+7-LTS"/>
    <property name="sun.io.unicode.encoding" value="UnicodeLittle"/>
    <property name="java.class.version" value="65.0"/>
  </properties>
  <testcase name="testAnimalGetters" classname="co.edu.uniquindio.poo.AppTest" time="0.089"/>
  <testcase name="testAguilaToString" classname="co.edu.uniquindio.poo.AppTest" time="0.024"/>
  <testcase name="testDueñoAgregarMascota" classname="co.edu.uniquindio.poo.AppTest" time="0.002"/>
  <testcase name="testDueñoToString" classname="co.edu.uniquindio.poo.AppTest" time="0.006"/>
  <testcase name="testPerroToString" classname="co.edu.uniquindio.poo.AppTest" time="0.014">
    <failure message="expected: &lt;&#10; PERROS &#10;&#10; Nombre: Pepe&#10; Raza: mestizo&#10; Edad: 1&#10; Peso: 15.5 &#10;Acciones:COMER&gt; but was: &lt;&#10; PERROS &#10;&#10; Nombre: Pepe&#10; Raza: mestizo&#10; Edad: 1&#10; Peso: 15.5&gt;" type="org.opentest4j.AssertionFailedError"><![CDATA[org.opentest4j.AssertionFailedError: 
expected: <
 PERROS 

 Nombre: Pepe
 Raza: mestizo
 Edad: 1
 Peso: 15.5 
Acciones:COMER> but was: <
 PERROS 

 Nombre: Pepe
 Raza: mestizo
 Edad: 1
 Peso: 15.5>
	at org.junit.jupiter.api.AssertionFailureBuilder.build(AssertionFailureBuilder.java:151)
	at org.junit.jupiter.api.AssertionFailureBuilder.buildAndThrow(AssertionFailureBuilder.java:132)
	at org.junit.jupiter.api.AssertEquals.failNotEqual(AssertEquals.java:197)
	at org.junit.jupiter.api.AssertEquals.assertEquals(AssertEquals.java:182)
	at org.junit.jupiter.api.AssertEquals.assertEquals(AssertEquals.java:177)
	at org.junit.jupiter.api.Assertions.assertEquals(Assertions.java:1141)
	at co.edu.uniquindio.poo.AppTest.testPerroToString(AppTest.java:44)
	at java.base/java.lang.reflect.Method.invoke(Method.java:580)
	at java.base/java.util.ArrayList.forEach(ArrayList.java:1596)
	at java.base/java.util.ArrayList.forEach(ArrayList.java:1596)
]]></failure>
  </testcase>
  <testcase name="testVeterinariaToString" classname="co.edu.uniquindio.poo.AppTest" time="0.007"/>
  <testcase name="testCanarioToString" classname="co.edu.uniquindio.poo.AppTest" time="0.003"/>
  <testcase name="testGatoToString" classname="co.edu.uniquindio.poo.AppTest" time="0.003"/>
  <testcase name="testLeonToString" classname="co.edu.uniquindio.poo.AppTest" time="0.003"/>
</testsuite>